<?xml version="1.0" encoding="UTF-8"?>
<coverage generated="1692065656012" clover="3.2.0">
  <project timestamp="1692065656012" name="All files">
    <metrics statements="16" coveredstatements="16" conditionals="8" coveredconditionals="7" methods="4" coveredmethods="4" elements="28" coveredelements="27" complexity="0" loc="16" ncloc="16" packages="2" files="3" classes="3"/>
    <package name="helpers">
      <metrics statements="7" coveredstatements="7" conditionals="0" coveredconditionals="0" methods="3" coveredmethods="3"/>
      <file name="http-response.js" path="C:\Users\leo-s\Desktop\clean-node-api\src\presentation\helpers\http-response.js">
        <metrics statements="4" coveredstatements="4" conditionals="0" coveredconditionals="0" methods="2" coveredmethods="2"/>
        <line num="1" count="1" type="stmt"/>
        <line num="3" count="1" type="stmt"/>
        <line num="5" count="2" type="stmt"/>
        <line num="12" count="2" type="stmt"/>
      </file>
      <file name="missing-param-error.js" path="C:\Users\leo-s\Desktop\clean-node-api\src\presentation\helpers\missing-param-error.js">
        <metrics statements="3" coveredstatements="3" conditionals="0" coveredconditionals="0" methods="1" coveredmethods="1"/>
        <line num="1" count="1" type="stmt"/>
        <line num="3" count="4" type="stmt"/>
        <line num="4" count="4" type="stmt"/>
      </file>
    </package>
    <package name="routers">
      <metrics statements="9" coveredstatements="9" conditionals="8" coveredconditionals="7" methods="1" coveredmethods="1"/>
      <file name="login-router.js" path="C:\Users\leo-s\Desktop\clean-node-api\src\presentation\routers\login-router.js">
        <metrics statements="9" coveredstatements="9" conditionals="8" coveredconditionals="7" methods="1" coveredmethods="1"/>
        <line num="1" count="1" type="stmt"/>
        <line num="3" count="1" type="stmt"/>
        <line num="6" count="4" type="cond" truecount="4" falsecount="0"/>
        <line num="7" count="2" type="stmt"/>
        <line num="9" count="2" type="stmt"/>
        <line num="10" count="2" type="cond" truecount="2" falsecount="0"/>
        <line num="11" count="1" type="stmt"/>
        <line num="13" count="1" type="cond" truecount="1" falsecount="1"/>
        <line num="14" count="1" type="stmt"/>
      </file>
    </package>
  </project>
</coverage>
