{"C:\\Users\\leo-s\\Desktop\\clean-node-api\\src\\presentation\\helpers\\http-response.js": {"path":"C:\\Users\\leo-s\\Desktop\\clean-node-api\\src\\presentation\\helpers\\http-response.js","statementMap":{"0":{"start":{"line":1,"column":26},"end":{"line":1,"column":58}},"1":{"start":{"line":2,"column":26},"end":{"line":2,"column":57}},"2":{"start":{"line":4,"column":0},"end":{"line":24,"column":1}},"3":{"start":{"line":6,"column":8},"end":{"line":9,"column":9}},"4":{"start":{"line":13,"column":8},"end":{"line":15,"column":9}},"5":{"start":{"line":19,"column":8},"end":{"line":22,"column":9}}},"fnMap":{"0":{"name":"(anonymous_0)","decl":{"start":{"line":5,"column":4},"end":{"line":5,"column":5}},"loc":{"start":{"line":5,"column":33},"end":{"line":10,"column":5}},"line":5},"1":{"name":"(anonymous_1)","decl":{"start":{"line":12,"column":4},"end":{"line":12,"column":5}},"loc":{"start":{"line":12,"column":25},"end":{"line":16,"column":5}},"line":12},"2":{"name":"(anonymous_2)","decl":{"start":{"line":18,"column":4},"end":{"line":18,"column":5}},"loc":{"start":{"line":18,"column":31},"end":{"line":23,"column":5}},"line":18}},"branchMap":{},"s":{"0":1,"1":1,"2":1,"3":2,"4":2,"5":2},"f":{"0":2,"1":2,"2":2},"b":{},"_coverageSchema":"1a1c01bbd47fc00a2c39e90264f33305004495a9","hash":"1b9e4dbadb61d82b1132ec43297fab1d301e8334"}
,"C:\\Users\\leo-s\\Desktop\\clean-node-api\\src\\presentation\\helpers\\missing-param-error.js": {"path":"C:\\Users\\leo-s\\Desktop\\clean-node-api\\src\\presentation\\helpers\\missing-param-error.js","statementMap":{"0":{"start":{"line":1,"column":0},"end":{"line":6,"column":1}},"1":{"start":{"line":3,"column":8},"end":{"line":3,"column":44}},"2":{"start":{"line":4,"column":8},"end":{"line":4,"column":39}}},"fnMap":{"0":{"name":"(anonymous_0)","decl":{"start":{"line":2,"column":4},"end":{"line":2,"column":5}},"loc":{"start":{"line":2,"column":27},"end":{"line":5,"column":5}},"line":2}},"branchMap":{},"s":{"0":1,"1":4,"2":4},"f":{"0":4},"b":{},"_coverageSchema":"1a1c01bbd47fc00a2c39e90264f33305004495a9","hash":"cb0fc12b0b41715dad4fb52de498d7bab4bed6c7"}
,"C:\\Users\\leo-s\\Desktop\\clean-node-api\\src\\presentation\\helpers\\unauthorized-error.js": {"path":"C:\\Users\\leo-s\\Desktop\\clean-node-api\\src\\presentation\\helpers\\unauthorized-error.js","statementMap":{"0":{"start":{"line":1,"column":0},"end":{"line":6,"column":1}},"1":{"start":{"line":3,"column":8},"end":{"line":3,"column":29}},"2":{"start":{"line":4,"column":8},"end":{"line":4,"column":39}}},"fnMap":{"0":{"name":"(anonymous_0)","decl":{"start":{"line":2,"column":4},"end":{"line":2,"column":5}},"loc":{"start":{"line":2,"column":27},"end":{"line":5,"column":5}},"line":2}},"branchMap":{},"s":{"0":1,"1":3,"2":3},"f":{"0":3},"b":{},"_coverageSchema":"1a1c01bbd47fc00a2c39e90264f33305004495a9","hash":"661dddff17eb8644b8cc4f2f94ea3c8a1f76d01a"}
,"C:\\Users\\leo-s\\Desktop\\clean-node-api\\src\\presentation\\routers\\login-router.js": {"path":"C:\\Users\\leo-s\\Desktop\\clean-node-api\\src\\presentation\\routers\\login-router.js","statementMap":{"0":{"start":{"line":1,"column":21},"end":{"line":1,"column":56}},"1":{"start":{"line":3,"column":0},"end":{"line":22,"column":1}},"2":{"start":{"line":5,"column":8},"end":{"line":5,"column":38}},"3":{"start":{"line":8,"column":8},"end":{"line":10,"column":9}},"4":{"start":{"line":9,"column":12},"end":{"line":9,"column":45}},"5":{"start":{"line":11,"column":36},"end":{"line":11,"column":52}},"6":{"start":{"line":12,"column":8},"end":{"line":14,"column":9}},"7":{"start":{"line":13,"column":12},"end":{"line":13,"column":51}},"8":{"start":{"line":15,"column":8},"end":{"line":17,"column":9}},"9":{"start":{"line":16,"column":12},"end":{"line":16,"column":54}},"10":{"start":{"line":18,"column":8},"end":{"line":18,"column":46}},"11":{"start":{"line":19,"column":8},"end":{"line":19,"column":47}}},"fnMap":{"0":{"name":"(anonymous_0)","decl":{"start":{"line":4,"column":4},"end":{"line":4,"column":5}},"loc":{"start":{"line":4,"column":29},"end":{"line":6,"column":5}},"line":4},"1":{"name":"(anonymous_1)","decl":{"start":{"line":7,"column":4},"end":{"line":7,"column":5}},"loc":{"start":{"line":7,"column":23},"end":{"line":21,"column":5}},"line":7}},"branchMap":{"0":{"loc":{"start":{"line":8,"column":8},"end":{"line":10,"column":9}},"type":"if","locations":[{"start":{"line":8,"column":8},"end":{"line":10,"column":9}},{"start":{},"end":{}}],"line":8},"1":{"loc":{"start":{"line":8,"column":12},"end":{"line":8,"column":45}},"type":"binary-expr","locations":[{"start":{"line":8,"column":12},"end":{"line":8,"column":24}},{"start":{"line":8,"column":28},"end":{"line":8,"column":45}}],"line":8},"2":{"loc":{"start":{"line":12,"column":8},"end":{"line":14,"column":9}},"type":"if","locations":[{"start":{"line":12,"column":8},"end":{"line":14,"column":9}},{"start":{},"end":{}}],"line":12},"3":{"loc":{"start":{"line":15,"column":8},"end":{"line":17,"column":9}},"type":"if","locations":[{"start":{"line":15,"column":8},"end":{"line":17,"column":9}},{"start":{},"end":{}}],"line":15}},"s":{"0":1,"1":1,"2":6,"3":6,"4":2,"5":4,"6":4,"7":1,"8":3,"9":1,"10":2,"11":2},"f":{"0":6,"1":6},"b":{"0":[2,4],"1":[6,5],"2":[1,3],"3":[1,2]},"_coverageSchema":"1a1c01bbd47fc00a2c39e90264f33305004495a9","hash":"37cf488b66b314500fff2fa2a5146076e724ac00"}
}
